1537246347442	mozrunner::runner	INFO	Running command: "/Applications/Firefox.app/Contents/MacOS/firefox-bin" "-marionette" "-headless" "-foreground" "-no-remote" "-profile" "/var/folders/f5/yfhgbz5j22143cz6qlxgy63m0000gn/T/rust_mozprofile.ix4SevUOWG6s"
*** You are running in headless mode.
2018-09-18 12:52:30.786 plugin-container[9941:2076842] *** CFMessagePort: bootstrap_register(): failed 1100 (0x44c) 'Permission denied', port = 0x843f, name = 'com.apple.tsm.portname'
See /usr/include/servers/bootstrap_defs.h for the error codes.
2018-09-18 12:52:30.820 plugin-container[9942:2076874] *** CFMessagePort: bootstrap_register(): failed 1100 (0x44c) 'Permission denied', port = 0x733f, name = 'com.apple.tsm.portname'
See /usr/include/servers/bootstrap_defs.h for the error codes.
1537246351331	Marionette	INFO	Listening on port 50698
1537246351391	Marionette	WARN	TLS certificate errors will be ignored for this session
1537246351547	Marionette	DEBUG	[4294967297] Frame script loaded
1537246351548	Marionette	DEBUG	[4294967297] Frame script registered
1537246351601	Marionette	DEBUG	[4294967297] Received DOM event beforeunload for about:blank
1537246351925	Marionette	DEBUG	[4294967297] Received DOM event pagehide for about:blank
2018-09-18 12:52:31.975 plugin-container[9943:2077046] *** CFMessagePort: bootstrap_register(): failed 1100 (0x44c) 'Permission denied', port = 0x7643, name = 'com.apple.tsm.portname'
See /usr/include/servers/bootstrap_defs.h for the error codes.
JavaScript warning: https://g.alicdn.com/??kissy/k/6.2.4/seed-min.js,kg/global-util/1.0.7/index-min.js,tb/tracker/4.3.5/index.js,kg/tb-nav/2.5.3/index-min.js,secdev/sufei_data/3.3.5/index.js, line 6: Error: WebGL warning: Can't use WebGL in headless mode (https://bugzil.la/1375585).
JavaScript warning: https://g.alicdn.com/??kissy/k/6.2.4/seed-min.js,kg/global-util/1.0.7/index-min.js,tb/tracker/4.3.5/index.js,kg/tb-nav/2.5.3/index-min.js,secdev/sufei_data/3.3.5/index.js, line 6: Error: WebGL warning: Failed to create WebGL context: WebGL creation failed: 
* Can't use WebGL in headless mode (https://bugzil.la/1375585).
1537246354209	Marionette	DEBUG	[4294967297] Received DOM event DOMContentLoaded for https://www.taobao.com/
1537246354775	Marionette	DEBUG	[4294967297] Received DOM event pageshow for https://www.taobao.com/
1537246354896	Marionette	DEBUG	[4294967297] Received DOM event beforeunload for https://www.taobao.com/
1537246355285	Marionette	DEBUG	[4294967297] Received DOM event pagehide for https://www.taobao.com/
1537246355286	Marionette	DEBUG	[4294967297] Received DOM event unload for https://www.taobao.com/
1537246355415	Marionette	DEBUG	[4294967297] Received observer notification outer-window-destroyed for 4294967301
1537246355518	Marionette	DEBUG	[4294967297] Received DOM event DOMContentLoaded for https://s.taobao.com/search?q=%E7%BE%8E%E9%A3%9F&imgfile=&commend=all&ssid=s5-e&search_type=item&sourceId=tb.index&spm=a21bo.2017.201856-taobao-item.2&ie=utf8&initiative_id=tbindexz_20170306
JavaScript warning: https://g.alicdn.com/secdev/sufei_data/3.6.6/index.js, line 1: Error: WebGL warning: Can't use WebGL in headless mode (https://bugzil.la/1375585).
JavaScript warning: https://g.alicdn.com/secdev/sufei_data/3.6.6/index.js, line 1: Error: WebGL warning: Failed to create WebGL context: WebGL creation failed: 
* Can't use WebGL in headless mode (https://bugzil.la/1375585).
JavaScript error: https://login.taobao.com/jump?target=https://www.tmall.com, line 27: SyntaxError: expected expression, got '<'
1537246357560	Marionette	DEBUG	[4294967297] Received DOM event pageshow for https://s.taobao.com/search?q=%E7%BE%8E%E9%A3%9F&imgfile=&commend=all&ssid=s5-e&search_type=item&sourceId=tb.index&spm=a21bo.2017.201856-taobao-item.2&ie=utf8&initiative_id=tbindexz_20170306
1537249470591	mozrunner::runner	INFO	Running command: "/Applications/Firefox.app/Contents/MacOS/firefox-bin" "-marionette" "-foreground" "-no-remote" "-profile" "/var/folders/f5/yfhgbz5j22143cz6qlxgy63m0000gn/T/rust_mozprofile.hB5xgOSWd2Jt"
2018-09-18 13:44:32.961 plugin-container[10582:2189582] *** CFMessagePort: bootstrap_register(): failed 1100 (0x44c) 'Permission denied', port = 0x843f, name = 'com.apple.tsm.portname'
See /usr/include/servers/bootstrap_defs.h for the error codes.
2018-09-18 13:44:33.101 plugin-container[10583:2189607] *** CFMessagePort: bootstrap_register(): failed 1100 (0x44c) 'Permission denied', port = 0x8243, name = 'com.apple.tsm.portname'
See /usr/include/servers/bootstrap_defs.h for the error codes.
2018-09-18 13:44:34.109 plugin-container[10584:2189689] *** CFMessagePort: bootstrap_register(): failed 1100 (0x44c) 'Permission denied', port = 0x893f, name = 'com.apple.tsm.portname'
See /usr/include/servers/bootstrap_defs.h for the error codes.
1537249474189	Marionette	INFO	Listening on port 52148
1537249474221	Marionette	WARN	TLS certificate errors will be ignored for this session
1537249474282	Marionette	DEBUG	[4294967297] Frame script loaded
1537249474283	Marionette	DEBUG	[4294967297] Frame script registered
1537249474306	Marionette	DEBUG	[4294967297] Received DOM event beforeunload for about:blank
1537249474627	Marionette	DEBUG	[4294967297] Received DOM event pagehide for about:blank
1537249477025	Marionette	DEBUG	[4294967297] Received DOM event DOMContentLoaded for https://www.taobao.com/
1537249477534	Marionette	DEBUG	[4294967297] Received DOM event pageshow for https://www.taobao.com/
1537249477648	Marionette	DEBUG	[4294967297] Received DOM event beforeunload for https://www.taobao.com/
1537249478197	Marionette	DEBUG	[4294967297] Received DOM event pagehide for https://www.taobao.com/
1537249478211	Marionette	DEBUG	[4294967297] Received DOM event unload for https://www.taobao.com/
1537249478335	Marionette	DEBUG	[4294967297] Received observer notification outer-window-destroyed for 4294967301
1537249478508	Marionette	DEBUG	[4294967297] Received DOM event DOMContentLoaded for https://s.taobao.com/search?q=%E7%BE%8E%E9%A3%9F&imgfile=&commend=all&ssid=s5-e&search_type=item&sourceId=tb.index&spm=a21bo.2017.201856-taobao-item.2&ie=utf8&initiative_id=tbindexz_20170306
JavaScript error: https://login.taobao.com/jump?target=https://www.tmall.com, line 27: SyntaxError: expected expression, got '<'
1537249480465	Marionette	DEBUG	[4294967297] Received DOM event pageshow for https://s.taobao.com/search?q=%E7%BE%8E%E9%A3%9F&imgfile=&commend=all&ssid=s5-e&search_type=item&sourceId=tb.index&spm=a21bo.2017.201856-taobao-item.2&ie=utf8&initiative_id=tbindexz_20170306
2018-09-18 13:44:58.758 plugin-container[10586:2190345] *** CFMessagePort: bootstrap_register(): failed 1100 (0x44c) 'Permission denied', port = 0x883f, name = 'com.apple.tsm.portname'
See /usr/include/servers/bootstrap_defs.h for the error codes.
1537249504905	Marionette	INFO	Stopped listening on port 52148

###!!! [Child][MessageChannel] Error: (msgtype=0x1D0016,name=PCameras::Msg_AllDone) Channel error: cannot send/recv

